<?xml version="1.0" encoding="UTF-8" ?>
<testsuite tests="4" failures="2" name="TestSuite" time="1.147" errors="0" skipped="0">
  <properties>
    <property name="java.runtime.name" value="Java(TM) SE Runtime Environment"/>
    <property name="sun.boot.library.path" value="D:\Program Files\Java\jdk1.8.0_131\jre\bin"/>
    <property name="java.vm.version" value="25.131-b11"/>
    <property name="java.vm.vendor" value="Oracle Corporation"/>
    <property name="java.vendor.url" value="http://java.oracle.com/"/>
    <property name="path.separator" value=";"/>
    <property name="java.vm.name" value="Java HotSpot(TM) 64-Bit Server VM"/>
    <property name="file.encoding.pkg" value="sun.io"/>
    <property name="user.script" value=""/>
    <property name="user.country" value="CN"/>
    <property name="sun.java.launcher" value="SUN_STANDARD"/>
    <property name="sun.os.patch.level" value="Service Pack 1"/>
    <property name="java.vm.specification.name" value="Java Virtual Machine Specification"/>
    <property name="user.dir" value="E:\liudan\study\gitCode\AutoTest\chapter6"/>
    <property name="java.runtime.version" value="1.8.0_131-b11"/>
    <property name="java.awt.graphicsenv" value="sun.awt.Win32GraphicsEnvironment"/>
    <property name="basedir" value="E:\liudan\study\gitCode\AutoTest\chapter6"/>
    <property name="java.endorsed.dirs" value="D:\Program Files\Java\jdk1.8.0_131\jre\lib\endorsed"/>
    <property name="os.arch" value="amd64"/>
    <property name="surefire.real.class.path" value="E:\liudan\study\gitCode\AutoTest\chapter6\target\surefire\surefirebooter6857433547766671028.jar"/>
    <property name="java.io.tmpdir" value="D:\Users\DAN\AppData\Local\Temp\"/>
    <property name="line.separator" value="
"/>
    <property name="java.vm.specification.vendor" value="Oracle Corporation"/>
    <property name="user.variant" value=""/>
    <property name="os.name" value="Windows 7"/>
    <property name="sun.jnu.encoding" value="GBK"/>
    <property name="java.library.path" value="D:\Program Files\Java\jdk1.8.0_131\jre\bin;D:\windows\Sun\Java\bin;D:\windows\system32;D:\windows;D:\Program Files\Git\mingw64\bin;D:\Program Files\Git\usr\bin;D:\Users\DAN\bin;D:\ProgramData\Oracle\Java\javapath;D:\Program Files (x86)\Intel\iCLS Client;D:\Program Files\Intel\iCLS Client;D:\windows\system32;D:\windows;D:\windows\System32\Wbem;D:\windows\System32\WindowsPowerShell\v1.0;D:\Program Files\Intel\Intel(R) Management Engine Components\DAL;D:\Program Files\Intel\Intel(R) Management Engine Components\IPT;D:\Program Files (x86)\Intel\Intel(R) Management Engine Components\DAL;D:\Program Files (x86)\Intel\Intel(R) Management Engine Components\IPT;D:\Program Files\Intel\WiFi\bin;D:\Program Files\Common Files\Intel\WirelessCommon;D:\Program Files\Java\jdk1.8.0_131\bin;D:\Program Files\Java\jdk1.8.0_131\jre\bin;E:\liudan\apache-maven-3.6.1-bin\apache-maven-3.6.1\bin;D:\Program Files\Git\cmd;D:\Program Files\Intel\WiFi\bin;D:\Program Files\Common Files\Intel\WirelessCommon;."/>
    <property name="surefire.test.class.path" value="E:\liudan\study\gitCode\AutoTest\chapter6\target\test-classes;E:\liudan\study\gitCode\AutoTest\chapter6\target\classes;E:\liudan\apache-maven-3.6.1-bin\maven-repository\com\relevantcodes\extentreports\2.40.1\extentreports-2.40.1.jar;E:\liudan\apache-maven-3.6.1-bin\maven-repository\org\jsoup\jsoup\1.8.3\jsoup-1.8.3.jar;E:\liudan\apache-maven-3.6.1-bin\maven-repository\org\xerial\sqlite-jdbc\3.8.11.1\sqlite-jdbc-3.8.11.1.jar;E:\liudan\apache-maven-3.6.1-bin\maven-repository\org\freemarker\freemarker\2.3.23\freemarker-2.3.23.jar;E:\liudan\apache-maven-3.6.1-bin\maven-repository\com\vimalselvam\testng-extentsreport\1.3.1\testng-extentsreport-1.3.1.jar;E:\liudan\apache-maven-3.6.1-bin\maven-repository\com\google\guava\guava\20.0\guava-20.0.jar;E:\liudan\apache-maven-3.6.1-bin\maven-repository\com\aventstack\extentreports\3.0.6\extentreports-3.0.6.jar;E:\liudan\apache-maven-3.6.1-bin\maven-repository\org\mongodb\mongodb-driver\3.3.0\mongodb-driver-3.3.0.jar;E:\liudan\apache-maven-3.6.1-bin\maven-repository\org\mongodb\bson\3.3.0\bson-3.3.0.jar;E:\liudan\apache-maven-3.6.1-bin\maven-repository\org\mongodb\mongodb-driver-core\3.3.0\mongodb-driver-core-3.3.0.jar;E:\liudan\apache-maven-3.6.1-bin\maven-repository\org\apache\httpcomponents\httpclient\4.5.2\httpclient-4.5.2.jar;E:\liudan\apache-maven-3.6.1-bin\maven-repository\org\apache\httpcomponents\httpcore\4.4.4\httpcore-4.4.4.jar;E:\liudan\apache-maven-3.6.1-bin\maven-repository\commons-logging\commons-logging\1.2\commons-logging-1.2.jar;E:\liudan\apache-maven-3.6.1-bin\maven-repository\commons-codec\commons-codec\1.9\commons-codec-1.9.jar;E:\liudan\apache-maven-3.6.1-bin\maven-repository\org\apache\httpcomponents\httpmime\4.5.2\httpmime-4.5.2.jar;E:\liudan\apache-maven-3.6.1-bin\maven-repository\org\testng\testng\6.9.6\testng-6.9.6.jar;E:\liudan\apache-maven-3.6.1-bin\maven-repository\com\google\inject\guice\4.0\guice-4.0-no_aop.jar;E:\liudan\apache-maven-3.6.1-bin\maven-repository\javax\inject\javax.inject\1\javax.inject-1.jar;E:\liudan\apache-maven-3.6.1-bin\maven-repository\aopalliance\aopalliance\1.0\aopalliance-1.0.jar;E:\liudan\apache-maven-3.6.1-bin\maven-repository\org\beanshell\bsh\2.0b4\bsh-2.0b4.jar;E:\liudan\apache-maven-3.6.1-bin\maven-repository\org\apache\ant\ant\1.7.0\ant-1.7.0.jar;E:\liudan\apache-maven-3.6.1-bin\maven-repository\org\apache\ant\ant-launcher\1.7.0\ant-launcher-1.7.0.jar;E:\liudan\apache-maven-3.6.1-bin\maven-repository\com\beust\jcommander\1.48\jcommander-1.48.jar;E:\liudan\apache-maven-3.6.1-bin\maven-repository\org\yaml\snakeyaml\1.15\snakeyaml-1.15.jar;E:\liudan\apache-maven-3.6.1-bin\maven-repository\junit\junit\4.10\junit-4.10.jar;E:\liudan\apache-maven-3.6.1-bin\maven-repository\org\hamcrest\hamcrest-core\1.1\hamcrest-core-1.1.jar;"/>
    <property name="java.specification.name" value="Java Platform API Specification"/>
    <property name="java.class.version" value="52.0"/>
    <property name="sun.management.compiler" value="HotSpot 64-Bit Tiered Compilers"/>
    <property name="os.version" value="6.1"/>
    <property name="user.home" value="D:\Users\DAN"/>
    <property name="user.timezone" value="Asia/Shanghai"/>
    <property name="java.awt.printerjob" value="sun.awt.windows.WPrinterJob"/>
    <property name="java.specification.version" value="1.8"/>
    <property name="file.encoding" value="GBK"/>
    <property name="user.name" value="DAN"/>
    <property name="java.class.path" value="E:\liudan\study\gitCode\AutoTest\chapter6\target\test-classes;E:\liudan\study\gitCode\AutoTest\chapter6\target\classes;E:\liudan\apache-maven-3.6.1-bin\maven-repository\com\relevantcodes\extentreports\2.40.1\extentreports-2.40.1.jar;E:\liudan\apache-maven-3.6.1-bin\maven-repository\org\jsoup\jsoup\1.8.3\jsoup-1.8.3.jar;E:\liudan\apache-maven-3.6.1-bin\maven-repository\org\xerial\sqlite-jdbc\3.8.11.1\sqlite-jdbc-3.8.11.1.jar;E:\liudan\apache-maven-3.6.1-bin\maven-repository\org\freemarker\freemarker\2.3.23\freemarker-2.3.23.jar;E:\liudan\apache-maven-3.6.1-bin\maven-repository\com\vimalselvam\testng-extentsreport\1.3.1\testng-extentsreport-1.3.1.jar;E:\liudan\apache-maven-3.6.1-bin\maven-repository\com\google\guava\guava\20.0\guava-20.0.jar;E:\liudan\apache-maven-3.6.1-bin\maven-repository\com\aventstack\extentreports\3.0.6\extentreports-3.0.6.jar;E:\liudan\apache-maven-3.6.1-bin\maven-repository\org\mongodb\mongodb-driver\3.3.0\mongodb-driver-3.3.0.jar;E:\liudan\apache-maven-3.6.1-bin\maven-repository\org\mongodb\bson\3.3.0\bson-3.3.0.jar;E:\liudan\apache-maven-3.6.1-bin\maven-repository\org\mongodb\mongodb-driver-core\3.3.0\mongodb-driver-core-3.3.0.jar;E:\liudan\apache-maven-3.6.1-bin\maven-repository\org\apache\httpcomponents\httpclient\4.5.2\httpclient-4.5.2.jar;E:\liudan\apache-maven-3.6.1-bin\maven-repository\org\apache\httpcomponents\httpcore\4.4.4\httpcore-4.4.4.jar;E:\liudan\apache-maven-3.6.1-bin\maven-repository\commons-logging\commons-logging\1.2\commons-logging-1.2.jar;E:\liudan\apache-maven-3.6.1-bin\maven-repository\commons-codec\commons-codec\1.9\commons-codec-1.9.jar;E:\liudan\apache-maven-3.6.1-bin\maven-repository\org\apache\httpcomponents\httpmime\4.5.2\httpmime-4.5.2.jar;E:\liudan\apache-maven-3.6.1-bin\maven-repository\org\testng\testng\6.9.6\testng-6.9.6.jar;E:\liudan\apache-maven-3.6.1-bin\maven-repository\com\google\inject\guice\4.0\guice-4.0-no_aop.jar;E:\liudan\apache-maven-3.6.1-bin\maven-repository\javax\inject\javax.inject\1\javax.inject-1.jar;E:\liudan\apache-maven-3.6.1-bin\maven-repository\aopalliance\aopalliance\1.0\aopalliance-1.0.jar;E:\liudan\apache-maven-3.6.1-bin\maven-repository\org\beanshell\bsh\2.0b4\bsh-2.0b4.jar;E:\liudan\apache-maven-3.6.1-bin\maven-repository\org\apache\ant\ant\1.7.0\ant-1.7.0.jar;E:\liudan\apache-maven-3.6.1-bin\maven-repository\org\apache\ant\ant-launcher\1.7.0\ant-launcher-1.7.0.jar;E:\liudan\apache-maven-3.6.1-bin\maven-repository\com\beust\jcommander\1.48\jcommander-1.48.jar;E:\liudan\apache-maven-3.6.1-bin\maven-repository\org\yaml\snakeyaml\1.15\snakeyaml-1.15.jar;E:\liudan\apache-maven-3.6.1-bin\maven-repository\junit\junit\4.10\junit-4.10.jar;E:\liudan\apache-maven-3.6.1-bin\maven-repository\org\hamcrest\hamcrest-core\1.1\hamcrest-core-1.1.jar;"/>
    <property name="java.vm.specification.version" value="1.8"/>
    <property name="sun.arch.data.model" value="64"/>
    <property name="java.home" value="D:\Program Files\Java\jdk1.8.0_131\jre"/>
    <property name="sun.java.command" value="E:\liudan\study\gitCode\AutoTest\chapter6\target\surefire\surefirebooter6857433547766671028.jar E:\liudan\study\gitCode\AutoTest\chapter6\target\surefire\surefire5043830839047311198tmp E:\liudan\study\gitCode\AutoTest\chapter6\target\surefire\surefire3706012331756648286tmp"/>
    <property name="java.specification.vendor" value="Oracle Corporation"/>
    <property name="user.language" value="zh"/>
    <property name="awt.toolkit" value="sun.awt.windows.WToolkit"/>
    <property name="java.vm.info" value="mixed mode"/>
    <property name="java.version" value="1.8.0_131"/>
    <property name="java.ext.dirs" value="D:\Program Files\Java\jdk1.8.0_131\jre\lib\ext;D:\windows\Sun\Java\lib\ext"/>
    <property name="sun.boot.class.path" value="D:\Program Files\Java\jdk1.8.0_131\jre\lib\resources.jar;D:\Program Files\Java\jdk1.8.0_131\jre\lib\rt.jar;D:\Program Files\Java\jdk1.8.0_131\jre\lib\sunrsasign.jar;D:\Program Files\Java\jdk1.8.0_131\jre\lib\jsse.jar;D:\Program Files\Java\jdk1.8.0_131\jre\lib\jce.jar;D:\Program Files\Java\jdk1.8.0_131\jre\lib\charsets.jar;D:\Program Files\Java\jdk1.8.0_131\jre\lib\jfr.jar;D:\Program Files\Java\jdk1.8.0_131\jre\classes"/>
    <property name="java.vendor" value="Oracle Corporation"/>
    <property name="localRepository" value="E:\liudan\apache-maven-3.6.1-bin\maven-repository"/>
    <property name="file.separator" value="\"/>
    <property name="java.vendor.url.bug" value="http://bugreport.sun.com/bugreport/"/>
    <property name="sun.cpu.endian" value="little"/>
    <property name="sun.io.unicode.encoding" value="UnicodeLittle"/>
    <property name="sun.desktop" value="windows"/>
    <property name="sun.cpu.isalist" value="amd64"/>
  </properties>
  <testcase classname="com.extent.testExtentReport" name="test1" time="0.006"/>
  <testcase classname="com.extent.testExtentReport" name="test2" time="0.004">
    <failure message="test2 expected [2] but found [1]" type="java.lang.AssertionError">java.lang.AssertionError: test2 expected [2] but found [1]
	at org.testng.Assert.fail(Assert.java:94)
	at org.testng.Assert.failNotEquals(Assert.java:496)
	at org.testng.Assert.assertEquals(Assert.java:125)
	at org.testng.Assert.assertEquals(Assert.java:372)
	at com.extent.testExtentReport.test2(testExtentReport.java:16)
</failure>
  </testcase>
  <testcase classname="com.extent.testExtentReport" name="test3" time="0"/>
  <testcase classname="com.extent.testExtentReport" name="test4" time="0.001">
    <failure message="this is exception by myself" type="java.lang.RuntimeException">java.lang.RuntimeException: this is exception by myself
	at com.extent.testExtentReport.test4(testExtentReport.java:27)
</failure>
  </testcase>
</testsuite>