<?xml version="1.0" encoding="UTF-8"?>
<!-- Generated by org.testng.reporters.JUnitReportReporter -->
<testsuite hostname="DAN-PC" name="com.course.testng.groups.GroupsOnClass2" tests="4" failures="0" timestamp="3 May 2019 16:39:46 GMT" time="0.001" errors="0">
  <testcase name="stu2" time="0.001" classname="com.course.testng.groups.GroupsOnClass2"/>
  <testcase name="stu2" time="0.000" classname="com.course.testng.groups.GroupsOnClass2"/>
  <testcase name="stu1" time="0.000" classname="com.course.testng.groups.GroupsOnClass2"/>
  <testcase name="stu1" time="0.000" classname="com.course.testng.groups.GroupsOnClass2"/>
</testsuite> <!-- com.course.testng.groups.GroupsOnClass2 -->
