<?xml version="1.0" encoding="UTF-8"?>
<!-- Generated by org.testng.reporters.JUnitReportReporter -->
<testsuite hostname="DAN-PC" name="com.course.testng.suite.payTest" tests="1" failures="0" timestamp="3 May 2019 16:39:46 GMT" time="0.000" errors="0">
  <testcase name="payTest" time="0.000" classname="com.course.testng.suite.payTest"/>
</testsuite> <!-- com.course.testng.suite.payTest -->
