<?xml version="1.0" encoding="UTF-8"?>
<!-- Generated by org.testng.reporters.JUnitReportReporter -->
<testsuite hostname="DAN-PC" name="com.course.testng.multithreads.multithreadOnXml1" tests="3" failures="0" timestamp="3 May 2019 16:39:46 GMT" time="0.001" errors="0">
  <testcase name="multiThreadTestOnXml3" time="0.000" classname="com.course.testng.multithreads.multithreadOnXml1"/>
  <testcase name="multiThreadTestOnXml1" time="0.000" classname="com.course.testng.multithreads.multithreadOnXml1"/>
  <testcase name="multiThreadTestOnXml2" time="0.001" classname="com.course.testng.multithreads.multithreadOnXml1"/>
</testsuite> <!-- com.course.testng.multithreads.multithreadOnXml1 -->
