<?xml version="1.0" encoding="UTF-8"?>
<!-- Generated by org.testng.reporters.JUnitReportReporter -->
<testsuite hostname="DAN-PC" name="com.course.testng.suite.LoginTest" tests="1" failures="0" timestamp="3 May 2019 12:17:02 GMT" time="0.000" errors="0">
  <testcase name="loginTest" time="0.000" classname="com.course.testng.suite.LoginTest"/>
</testsuite> <!-- com.course.testng.suite.LoginTest -->
