<?xml version="1.0" encoding="UTF-8"?>
<!-- Generated by org.testng.reporters.JUnitReportReporter -->
<testsuite hostname="DAN-PC" name="com.course.testng.BasicAnnotationTest" tests="1" failures="0" timestamp="3 May 2019 12:17:02 GMT" time="0.001" errors="0">
  <testcase name="annotationTest1" time="0.001" classname="com.course.testng.BasicAnnotationTest"/>
</testsuite> <!-- com.course.testng.BasicAnnotationTest -->
